[debug] [2019-04-01T00:05:56.274Z] ----------------------------------------------------------------------
[debug] [2019-04-01T00:05:56.276Z] Command:       /usr/local/Cellar/node/11.1.0/bin/node /usr/local/bin/firebase serve --only hosting
[debug] [2019-04-01T00:05:56.276Z] CLI Version:   6.5.0
[debug] [2019-04-01T00:05:56.276Z] Platform:      darwin
[debug] [2019-04-01T00:05:56.276Z] Node Version:  v11.1.0
[debug] [2019-04-01T00:05:56.277Z] Time:          Sun Mar 31 2019 19:05:56 GMT-0500 (Central Daylight Time)
[debug] [2019-04-01T00:05:56.277Z] ----------------------------------------------------------------------
[debug] 
[debug] [2019-04-01T00:05:56.287Z] > command requires scopes: ["email","openid","https://www.googleapis.com/auth/cloudplatformprojects.readonly","https://www.googleapis.com/auth/firebase","https://www.googleapis.com/auth/cloud-platform"]
[debug] [2019-04-01T00:05:56.287Z] > authorizing via signed-in user
[debug] [2019-04-01T00:05:56.288Z] [iam] checking project phase-scripter for permissions ["firebase.projects.get"]
[debug] [2019-04-01T00:05:56.289Z] > refreshing access token with scopes: ["email","https://www.googleapis.com/auth/cloud-platform","https://www.googleapis.com/auth/cloudplatformprojects.readonly","https://www.googleapis.com/auth/firebase","openid"]
[debug] [2019-04-01T00:05:56.289Z] >>> HTTP REQUEST POST https://www.googleapis.com/oauth2/v3/token  
 <request body omitted>
[debug] [2019-04-01T00:05:56.807Z] <<< HTTP RESPONSE 200
[debug] [2019-04-01T00:05:56.827Z] >>> HTTP REQUEST POST https://cloudresourcemanager.googleapis.com/v1/projects/phase-scripter:testIamPermissions  

[debug] [2019-04-01T00:05:57.206Z] <<< HTTP RESPONSE 200
[debug] [2019-04-01T00:05:57.207Z] >>> HTTP REQUEST GET https://cloudresourcemanager.googleapis.com/v1/projects/phase-scripter  
 
[debug] [2019-04-01T00:05:57.528Z] <<< HTTP RESPONSE 200
[info] 
[info] === Serving from '/Users/lukeanderson/Documents/dev/midi-components'...
[info] 
[debug] [2019-04-01T00:05:57.530Z] >>> HTTP REQUEST GET https://mobilesdk-pa.googleapis.com/v1/projects/762865514726/clients/_:getWebAppConfig  
 
[debug] [2019-04-01T00:05:58.008Z] <<< HTTP RESPONSE 200
[info] i  hosting: Serving hosting files from: dist
[info] ✔  hosting: Local server: http://localhost:5000
[info] Shutting down...
[info] Shutting down...
[debug] [2019-04-01T00:06:35.538Z] ----------------------------------------------------------------------
[debug] [2019-04-01T00:06:35.540Z] Command:       /usr/local/Cellar/node/11.1.0/bin/node /usr/local/bin/firebase serve --only hosting
[debug] [2019-04-01T00:06:35.540Z] CLI Version:   6.5.0
[debug] [2019-04-01T00:06:35.540Z] Platform:      darwin
[debug] [2019-04-01T00:06:35.540Z] Node Version:  v11.1.0
[debug] [2019-04-01T00:06:35.541Z] Time:          Sun Mar 31 2019 19:06:35 GMT-0500 (Central Daylight Time)
[debug] [2019-04-01T00:06:35.541Z] ----------------------------------------------------------------------
[debug] 
[debug] [2019-04-01T00:06:35.549Z] > command requires scopes: ["email","openid","https://www.googleapis.com/auth/cloudplatformprojects.readonly","https://www.googleapis.com/auth/firebase","https://www.googleapis.com/auth/cloud-platform"]
[debug] [2019-04-01T00:06:35.549Z] > authorizing via signed-in user
[debug] [2019-04-01T00:06:35.549Z] [iam] checking project phase-scripter for permissions ["firebase.projects.get"]
[debug] [2019-04-01T00:06:35.551Z] >>> HTTP REQUEST POST https://cloudresourcemanager.googleapis.com/v1/projects/phase-scripter:testIamPermissions  

[debug] [2019-04-01T00:06:36.048Z] <<< HTTP RESPONSE 200
[debug] [2019-04-01T00:06:36.051Z] >>> HTTP REQUEST GET https://cloudresourcemanager.googleapis.com/v1/projects/phase-scripter  
 
[debug] [2019-04-01T00:06:36.366Z] <<< HTTP RESPONSE 200
[info] 
[info] === Serving from '/Users/lukeanderson/Documents/dev/midi-components'...
[info] 
[debug] [2019-04-01T00:06:36.369Z] >>> HTTP REQUEST GET https://mobilesdk-pa.googleapis.com/v1/projects/762865514726/clients/_:getWebAppConfig  
 
[debug] [2019-04-01T00:06:36.766Z] <<< HTTP RESPONSE 200
[info] i  hosting: Serving hosting files from: dist
[info] ✔  hosting: Local server: http://localhost:5000
[info] Shutting down...
[info] Shutting down...
[debug] [2019-04-01T00:09:58.840Z] ----------------------------------------------------------------------
[debug] [2019-04-01T00:09:58.842Z] Command:       /usr/local/Cellar/node/11.1.0/bin/node /usr/local/bin/firebase serve --only hosting
[debug] [2019-04-01T00:09:58.842Z] CLI Version:   6.5.0
[debug] [2019-04-01T00:09:58.842Z] Platform:      darwin
[debug] [2019-04-01T00:09:58.842Z] Node Version:  v11.1.0
[debug] [2019-04-01T00:09:58.843Z] Time:          Sun Mar 31 2019 19:09:58 GMT-0500 (Central Daylight Time)
[debug] [2019-04-01T00:09:58.843Z] ----------------------------------------------------------------------
[debug] 
[debug] [2019-04-01T00:09:58.852Z] > command requires scopes: ["email","openid","https://www.googleapis.com/auth/cloudplatformprojects.readonly","https://www.googleapis.com/auth/firebase","https://www.googleapis.com/auth/cloud-platform"]
[debug] [2019-04-01T00:09:58.853Z] > authorizing via signed-in user
[debug] [2019-04-01T00:09:58.853Z] [iam] checking project phase-scripter for permissions ["firebase.projects.get"]
[debug] [2019-04-01T00:09:58.855Z] >>> HTTP REQUEST POST https://cloudresourcemanager.googleapis.com/v1/projects/phase-scripter:testIamPermissions  

[debug] [2019-04-01T00:09:59.463Z] <<< HTTP RESPONSE 200
[debug] [2019-04-01T00:09:59.465Z] >>> HTTP REQUEST GET https://cloudresourcemanager.googleapis.com/v1/projects/phase-scripter  
 
[debug] [2019-04-01T00:09:59.703Z] <<< HTTP RESPONSE 200
[info] 
[info] === Serving from '/Users/lukeanderson/Documents/dev/midi-components'...
[info] 
[debug] [2019-04-01T00:09:59.707Z] >>> HTTP REQUEST GET https://mobilesdk-pa.googleapis.com/v1/projects/762865514726/clients/_:getWebAppConfig  
 
[debug] [2019-04-01T00:10:00.105Z] <<< HTTP RESPONSE 200
[info] i  hosting: Serving hosting files from: dist
[info] ✔  hosting: Local server: http://localhost:5000
[info] Shutting down...
[info] Shutting down...
[debug] [2019-04-01T00:16:03.114Z] ----------------------------------------------------------------------
[debug] [2019-04-01T00:16:03.117Z] Command:       /usr/local/Cellar/node/11.1.0/bin/node /usr/local/bin/firebase serve --only hosting
[debug] [2019-04-01T00:16:03.117Z] CLI Version:   6.5.0
[debug] [2019-04-01T00:16:03.117Z] Platform:      darwin
[debug] [2019-04-01T00:16:03.117Z] Node Version:  v11.1.0
[debug] [2019-04-01T00:16:03.119Z] Time:          Sun Mar 31 2019 19:16:03 GMT-0500 (Central Daylight Time)
[debug] [2019-04-01T00:16:03.119Z] ----------------------------------------------------------------------
[debug] 
[debug] [2019-04-01T00:16:03.129Z] > command requires scopes: ["email","openid","https://www.googleapis.com/auth/cloudplatformprojects.readonly","https://www.googleapis.com/auth/firebase","https://www.googleapis.com/auth/cloud-platform"]
[debug] [2019-04-01T00:16:03.129Z] > authorizing via signed-in user
[debug] [2019-04-01T00:16:03.130Z] [iam] checking project phase-scripter for permissions ["firebase.projects.get"]
[debug] [2019-04-01T00:16:03.132Z] >>> HTTP REQUEST POST https://cloudresourcemanager.googleapis.com/v1/projects/phase-scripter:testIamPermissions  

[debug] [2019-04-01T00:16:03.737Z] <<< HTTP RESPONSE 200
[debug] [2019-04-01T00:16:03.739Z] >>> HTTP REQUEST GET https://cloudresourcemanager.googleapis.com/v1/projects/phase-scripter  
 
[debug] [2019-04-01T00:16:04.096Z] <<< HTTP RESPONSE 200
[info] 
[info] === Serving from '/Users/lukeanderson/Documents/dev/midi-components'...
[info] 
[debug] [2019-04-01T00:16:04.098Z] >>> HTTP REQUEST GET https://mobilesdk-pa.googleapis.com/v1/projects/762865514726/clients/_:getWebAppConfig  
 
[debug] [2019-04-01T00:16:04.896Z] <<< HTTP RESPONSE 200
[info] i  hosting: Serving hosting files from: dist
[info] ✔  hosting: Local server: http://localhost:5000
[info] Shutting down...
[info] Shutting down...
[debug] [2019-04-01T00:22:28.153Z] ----------------------------------------------------------------------
[debug] [2019-04-01T00:22:28.155Z] Command:       /usr/local/Cellar/node/11.1.0/bin/node /usr/local/bin/firebase serve --only hosting
[debug] [2019-04-01T00:22:28.155Z] CLI Version:   6.5.0
[debug] [2019-04-01T00:22:28.155Z] Platform:      darwin
[debug] [2019-04-01T00:22:28.155Z] Node Version:  v11.1.0
[debug] [2019-04-01T00:22:28.156Z] Time:          Sun Mar 31 2019 19:22:28 GMT-0500 (Central Daylight Time)
[debug] [2019-04-01T00:22:28.156Z] ----------------------------------------------------------------------
[debug] 
[debug] [2019-04-01T00:22:28.165Z] > command requires scopes: ["email","openid","https://www.googleapis.com/auth/cloudplatformprojects.readonly","https://www.googleapis.com/auth/firebase","https://www.googleapis.com/auth/cloud-platform"]
[debug] [2019-04-01T00:22:28.165Z] > authorizing via signed-in user
[debug] [2019-04-01T00:22:28.165Z] [iam] checking project phase-scripter for permissions ["firebase.projects.get"]
[debug] [2019-04-01T00:22:28.167Z] >>> HTTP REQUEST POST https://cloudresourcemanager.googleapis.com/v1/projects/phase-scripter:testIamPermissions  

[debug] [2019-04-01T00:22:28.792Z] <<< HTTP RESPONSE 200
[debug] [2019-04-01T00:22:28.796Z] >>> HTTP REQUEST GET https://cloudresourcemanager.googleapis.com/v1/projects/phase-scripter  
 
[debug] [2019-04-01T00:22:29.111Z] <<< HTTP RESPONSE 200
[info] 
[info] === Serving from '/Users/lukeanderson/Documents/dev/midi-components'...
[info] 
[debug] [2019-04-01T00:22:29.113Z] >>> HTTP REQUEST GET https://mobilesdk-pa.googleapis.com/v1/projects/762865514726/clients/_:getWebAppConfig  
 
[debug] [2019-04-01T00:22:29.551Z] <<< HTTP RESPONSE 200
[info] i  hosting: Serving hosting files from: dist
[info] ✔  hosting: Local server: http://localhost:5000
[info] Shutting down...
[info] Shutting down...
[debug] [2019-04-01T00:23:50.082Z] ----------------------------------------------------------------------
[debug] [2019-04-01T00:23:50.084Z] Command:       /usr/local/Cellar/node/11.1.0/bin/node /usr/local/bin/firebase serve --only hosting
[debug] [2019-04-01T00:23:50.084Z] CLI Version:   6.5.0
[debug] [2019-04-01T00:23:50.084Z] Platform:      darwin
[debug] [2019-04-01T00:23:50.084Z] Node Version:  v11.1.0
[debug] [2019-04-01T00:23:50.085Z] Time:          Sun Mar 31 2019 19:23:50 GMT-0500 (Central Daylight Time)
[debug] [2019-04-01T00:23:50.085Z] ----------------------------------------------------------------------
[debug] 
[debug] [2019-04-01T00:23:50.093Z] > command requires scopes: ["email","openid","https://www.googleapis.com/auth/cloudplatformprojects.readonly","https://www.googleapis.com/auth/firebase","https://www.googleapis.com/auth/cloud-platform"]
[debug] [2019-04-01T00:23:50.093Z] > authorizing via signed-in user
[debug] [2019-04-01T00:23:50.093Z] [iam] checking project phase-scripter for permissions ["firebase.projects.get"]
[debug] [2019-04-01T00:23:50.095Z] >>> HTTP REQUEST POST https://cloudresourcemanager.googleapis.com/v1/projects/phase-scripter:testIamPermissions  

[debug] [2019-04-01T00:23:50.594Z] <<< HTTP RESPONSE 200
[debug] [2019-04-01T00:23:50.596Z] >>> HTTP REQUEST GET https://cloudresourcemanager.googleapis.com/v1/projects/phase-scripter  
 
[debug] [2019-04-01T00:23:50.953Z] <<< HTTP RESPONSE 200
[info] 
[info] === Serving from '/Users/lukeanderson/Documents/dev/midi-components'...
[info] 
[debug] [2019-04-01T00:23:50.955Z] >>> HTTP REQUEST GET https://mobilesdk-pa.googleapis.com/v1/projects/762865514726/clients/_:getWebAppConfig  
 
[debug] [2019-04-01T00:23:51.431Z] <<< HTTP RESPONSE 200
[info] i  hosting: Serving hosting files from: dist
[info] ✔  hosting: Local server: http://localhost:5000
[info] Shutting down...
[info] Shutting down...
[debug] [2019-04-01T00:26:59.066Z] ----------------------------------------------------------------------
[debug] [2019-04-01T00:26:59.068Z] Command:       /usr/local/Cellar/node/11.1.0/bin/node /usr/local/bin/firebase serve --only hosting
[debug] [2019-04-01T00:26:59.069Z] CLI Version:   6.5.0
[debug] [2019-04-01T00:26:59.069Z] Platform:      darwin
[debug] [2019-04-01T00:26:59.069Z] Node Version:  v11.1.0
[debug] [2019-04-01T00:26:59.070Z] Time:          Sun Mar 31 2019 19:26:59 GMT-0500 (Central Daylight Time)
[debug] [2019-04-01T00:26:59.070Z] ----------------------------------------------------------------------
[debug] 
[debug] [2019-04-01T00:26:59.078Z] > command requires scopes: ["email","openid","https://www.googleapis.com/auth/cloudplatformprojects.readonly","https://www.googleapis.com/auth/firebase","https://www.googleapis.com/auth/cloud-platform"]
[debug] [2019-04-01T00:26:59.078Z] > authorizing via signed-in user
[debug] [2019-04-01T00:26:59.078Z] [iam] checking project phase-scripter for permissions ["firebase.projects.get"]
[debug] [2019-04-01T00:26:59.080Z] >>> HTTP REQUEST POST https://cloudresourcemanager.googleapis.com/v1/projects/phase-scripter:testIamPermissions  

[debug] [2019-04-01T00:26:59.568Z] <<< HTTP RESPONSE 200
[debug] [2019-04-01T00:26:59.571Z] >>> HTTP REQUEST GET https://cloudresourcemanager.googleapis.com/v1/projects/phase-scripter  
 
[debug] [2019-04-01T00:26:59.892Z] <<< HTTP RESPONSE 200
[info] 
[info] === Serving from '/Users/lukeanderson/Documents/dev/midi-components'...
[info] 
[debug] [2019-04-01T00:26:59.894Z] >>> HTTP REQUEST GET https://mobilesdk-pa.googleapis.com/v1/projects/762865514726/clients/_:getWebAppConfig  
 
[debug] [2019-04-01T00:27:00.556Z] <<< HTTP RESPONSE 200
[info] i  hosting: Serving hosting files from: dist
[info] ✔  hosting: Local server: http://localhost:5000
[info] Shutting down...
[info] Shutting down...
[debug] [2019-04-01T00:38:55.301Z] ----------------------------------------------------------------------
[debug] [2019-04-01T00:38:55.303Z] Command:       /usr/local/Cellar/node/11.1.0/bin/node /usr/local/bin/firebase serve --only hosting
[debug] [2019-04-01T00:38:55.303Z] CLI Version:   6.5.0
[debug] [2019-04-01T00:38:55.303Z] Platform:      darwin
[debug] [2019-04-01T00:38:55.303Z] Node Version:  v11.1.0
[debug] [2019-04-01T00:38:55.304Z] Time:          Sun Mar 31 2019 19:38:55 GMT-0500 (Central Daylight Time)
[debug] [2019-04-01T00:38:55.304Z] ----------------------------------------------------------------------
[debug] 
[debug] [2019-04-01T00:38:55.312Z] > command requires scopes: ["email","openid","https://www.googleapis.com/auth/cloudplatformprojects.readonly","https://www.googleapis.com/auth/firebase","https://www.googleapis.com/auth/cloud-platform"]
[debug] [2019-04-01T00:38:55.312Z] > authorizing via signed-in user
[debug] [2019-04-01T00:38:55.312Z] [iam] checking project phase-scripter for permissions ["firebase.projects.get"]
[debug] [2019-04-01T00:38:55.314Z] >>> HTTP REQUEST POST https://cloudresourcemanager.googleapis.com/v1/projects/phase-scripter:testIamPermissions  

[debug] [2019-04-01T00:38:55.847Z] <<< HTTP RESPONSE 200
[debug] [2019-04-01T00:38:55.850Z] >>> HTTP REQUEST GET https://cloudresourcemanager.googleapis.com/v1/projects/phase-scripter  
 
[debug] [2019-04-01T00:38:56.486Z] <<< HTTP RESPONSE 200
[info] 
[info] === Serving from '/Users/lukeanderson/Documents/dev/midi-components'...
[info] 
[debug] [2019-04-01T00:38:56.489Z] >>> HTTP REQUEST GET https://mobilesdk-pa.googleapis.com/v1/projects/762865514726/clients/_:getWebAppConfig  
 
[debug] [2019-04-01T00:38:56.886Z] <<< HTTP RESPONSE 200
[info] i  hosting: Serving hosting files from: dist
[info] ✔  hosting: Local server: http://localhost:5000
[info] Shutting down...
[info] Shutting down...
